<?xml version="1.0" encoding="utf-8"?><testsuites name="pytest tests"><testsuite name="pytest" errors="0" failures="0" skipped="0" tests="4" time="2.077" timestamp="2026-09-16T12:16:57.912575+00:00" hostname="agent-env-297acd76-6119-43c4-abeb-9c5f16f64c9a"><testcase classname="tests.test_supabase_match_deletion.TestFinalCleanup" name="test_delete_demo_player" time="1.297" /><testcase classname="tests.test_supabase_match_deletion.TestMatchDeletionCascade" name="test_match_deleted" time="1.060" /><testcase classname="tests.test_supabase_match_deletion.TestMatchDeletionCascade" name="test_stats_deleted_cascade" time="0.276" /><testcase classname="tests.test_supabase_match_deletion.TestFinalCleanup" name="test_no_test_data_left" time="0.467" /></testsuite></testsuites>