<?xml version="1.0" encoding="utf-8"?><testsuites name="pytest tests"><testsuite name="pytest" errors="0" failures="0" skipped="0" tests="9" time="4.673" timestamp="2026-09-16T12:41:03.590886+00:00" hostname="agent-env-297acd76-6119-43c4-abeb-9c5f16f64c9a"><testcase classname="tests.test_supabase_bug7_flows.TestBug1AttendanceNeverFinalizes" name="test_create_scheduled_match" time="1.513" /><testcase classname="tests.test_supabase_bug7_flows.TestBug2DeleteCascade" name="test_create_and_finalize_test_match" time="2.536" /><testcase classname="tests.test_supabase_bug7_flows.TestBug1AttendanceNeverFinalizes" name="test_mark_attendance_voy" time="0.660" /><testcase classname="tests.test_supabase_bug7_flows.TestBug1AttendanceNeverFinalizes" name="test_match_still_scheduled_after_voy" time="0.413" /><testcase classname="tests.test_supabase_bug7_flows.TestBug2DeleteCascade" name="test_delete_match_cascades" time="1.164" /><testcase classname="tests.test_supabase_bug7_flows.TestFinalCleanup" name="test_cleanup_bug1_match_and_attendance" time="0.915" /><testcase classname="tests.test_supabase_bug7_flows.TestFinalCleanup" name="test_no_test_venues_left" time="0.611" /><testcase classname="tests.test_supabase_bug7_flows.TestUserRealDataIntact" name="test_real_players_present" time="0.416" /><testcase classname="tests.test_supabase_bug7_flows.TestUserRealDataIntact" name="test_real_matches_present" time="0.257" /></testsuite></testsuites>