<?xml version="1.0" encoding="utf-8"?><testsuites name="pytest tests"><testsuite name="pytest" errors="0" failures="0" skipped="0" tests="13" time="5.770" timestamp="2026-09-16T13:02:34.896523+00:00" hostname="agent-env-297acd76-6119-43c4-abeb-9c5f16f64c9a"><testcase classname="tests.test_supabase_bug7_flows.TestBug1AttendanceNeverFinalizes" name="test_create_scheduled_match" time="1.438" /><testcase classname="tests.test_supabase_bug7_flows.TestBug2DeleteCascade" name="test_create_and_finalize_test_match" time="1.942" /><testcase classname="tests.test_supabase_bug7_flows.TestBug1AttendanceNeverFinalizes" name="test_mark_attendance_voy" time="0.489" /><testcase classname="tests.test_supabase_bug7_flows.TestBug1AttendanceNeverFinalizes" name="test_match_still_scheduled_after_voy" time="0.258" /><testcase classname="tests.test_supabase_bug7_flows.TestBug2DeleteCascade" name="test_delete_match_cascades" time="1.396" /><testcase classname="tests.test_supabase_bug7_flows.TestFinalCleanup" name="test_cleanup_bug1_match_and_attendance" time="1.007" /><testcase classname="tests.test_supabase_bug7_flows.TestFinalCleanup" name="test_no_test_venues_left" time="0.429" /><testcase classname="tests.test_supabase_bug7_flows.TestUserRealDataIntact" name="test_real_players_present" time="0.219" /><testcase classname="tests.test_supabase_bug7_flows.TestUserRealDataIntact" name="test_real_matches_present" time="0.414" /><testcase classname="tests.test_supabase_match_deletion.TestMatchDeletionCascade" name="test_match_deleted" time="0.726" /><testcase classname="tests.test_supabase_match_deletion.TestMatchDeletionCascade" name="test_stats_deleted_cascade" time="0.210" /><testcase classname="tests.test_supabase_match_deletion.TestFinalCleanup" name="test_delete_demo_player" time="0.997" /><testcase classname="tests.test_supabase_match_deletion.TestFinalCleanup" name="test_no_test_data_left" time="0.490" /></testsuite></testsuites>